[2024-10-15 15:10:23][sql] CONNECT:[ UseTime:0.000156s ] sqlite:D:\phpstudy_pro\WWW\ftpuser\thinkadmin\database\sqlite.db
[2024-10-15 15:10:23][sql] PRAGMA table_info( 'system_user' ) [ RunTime:0.000483s ]
[2024-10-15 15:10:23][sql] SELECT * FROM `system_user` WHERE  ( 1=1 ) LIMIT 1 [ RunTime:0.000090s ]
[2024-10-15 15:10:23][sql] INSERT INTO `system_user` (`id` , `username` , `nickname` , `password` , `headimg` , `create_at`) VALUES (10000 , 'admin' , '超级管理员' , '21232f297a57a5a743894a0e4a801fc3' , 'https://thinkadmin.top/static/img/head.png' , '2024-10-15 15:10:23.780196') [ RunTime:0.008702s ]
[2024-10-15 15:10:24][sql] PRAGMA table_info( 'system_menu' ) [ RunTime:0.000069s ]
[2024-10-15 15:10:24][sql] SELECT * FROM `system_menu` WHERE  ( `url` = 'admin/config/index' OR `node` = 'admin/config/index' ) LIMIT 1 [ RunTime:0.000103s ]
[2024-10-15 15:10:24][sql] INSERT INTO `system_menu` (`pid` , `url` , `sort` , `icon` , `node` , `title` , `params` , `target`) VALUES (0 , '#' , 100 , '' , '' , '系统管理' , '' , '_self') [ RunTime:0.095251s ]
[2024-10-15 15:10:24][sql] INSERT INTO `system_menu` (`pid` , `url` , `sort` , `icon` , `node` , `title` , `params` , `target`) VALUES (1 , '#' , 0 , '' , '' , '系统配置' , '' , '_self') [ RunTime:0.062993s ]
[2024-10-15 15:10:24][sql] INSERT INTO `system_menu` (`pid` , `url` , `sort` , `icon` , `node` , `title` , `params` , `target`) VALUES (2 , 'admin/config/index' , 0 , 'layui-icon layui-icon-set' , 'admin/config/index' , '系统参数配置' , '' , '_self') [ RunTime:0.057836s ]
[2024-10-15 15:10:24][sql] INSERT INTO `system_menu` (`pid` , `url` , `sort` , `icon` , `node` , `title` , `params` , `target`) VALUES (2 , 'admin/queue/index' , 0 , 'layui-icon layui-icon-log' , 'admin/queue/index' , '系统任务管理' , '' , '_self') [ RunTime:0.057416s ]
[2024-10-15 15:10:24][sql] INSERT INTO `system_menu` (`pid` , `url` , `sort` , `icon` , `node` , `title` , `params` , `target`) VALUES (2 , 'admin/oplog/index' , 0 , 'layui-icon layui-icon-form' , 'admin/oplog/index' , '系统日志管理' , '' , '_self') [ RunTime:0.057955s ]
[2024-10-15 15:10:24][sql] INSERT INTO `system_menu` (`pid` , `url` , `sort` , `icon` , `node` , `title` , `params` , `target`) VALUES (2 , 'admin/base/index' , 0 , 'layui-icon layui-icon-code-circle' , 'admin/base/index' , '数据字典管理' , '' , '_self') [ RunTime:0.057361s ]
[2024-10-15 15:10:24][sql] INSERT INTO `system_menu` (`pid` , `url` , `sort` , `icon` , `node` , `title` , `params` , `target`) VALUES (2 , 'admin/file/index' , 0 , 'layui-icon layui-icon-carousel' , 'admin/file/index' , '系统文件管理' , '' , '_self') [ RunTime:0.057977s ]
[2024-10-15 15:10:24][sql] INSERT INTO `system_menu` (`pid` , `url` , `sort` , `icon` , `node` , `title` , `params` , `target`) VALUES (2 , 'admin/menu/index' , 0 , 'layui-icon layui-icon-layouts' , 'admin/menu/index' , '系统菜单管理' , '' , '_self') [ RunTime:0.056137s ]
[2024-10-15 15:10:24][sql] INSERT INTO `system_menu` (`pid` , `url` , `sort` , `icon` , `node` , `title` , `params` , `target`) VALUES (1 , '#' , 0 , '' , '' , '权限管理' , '' , '_self') [ RunTime:0.221920s ]
[2024-10-15 15:10:25][sql] INSERT INTO `system_menu` (`pid` , `url` , `sort` , `icon` , `node` , `title` , `params` , `target`) VALUES (9 , 'admin/auth/index' , 0 , 'layui-icon layui-icon-vercode' , 'admin/auth/index' , '系统权限管理' , '' , '_self') [ RunTime:0.128479s ]
[2024-10-15 15:10:25][sql] INSERT INTO `system_menu` (`pid` , `url` , `sort` , `icon` , `node` , `title` , `params` , `target`) VALUES (9 , 'admin/user/index' , 0 , 'layui-icon layui-icon-username' , 'admin/user/index' , '系统用户管理' , '' , '_self') [ RunTime:0.064498s ]
[2024-10-15 15:10:25][sql] PRAGMA table_info( 'system_config' ) [ RunTime:0.000067s ]
[2024-10-15 15:10:25][sql] SELECT * FROM `system_config` WHERE  ( 1=1 ) LIMIT 1 [ RunTime:0.000073s ]
[2024-10-15 15:10:25][sql] INSERT INTO `system_config` (`type` , `name` , `value`) SELECT 'base','app_name','ThinkAdmin' UNION ALL SELECT 'base','app_version','v6' UNION ALL SELECT 'base','editor','ckeditor5' UNION ALL SELECT 'base','login_name','系统管理' UNION ALL SELECT 'base','site_copy','©版权所有 2014-2024 ThinkAdmin' UNION ALL SELECT 'base','site_icon','https://thinkadmin.top/static/img/logo.png' UNION ALL SELECT 'base','site_name','ThinkAdmin' UNION ALL SELECT 'base','site_theme','default' UNION ALL SELECT 'storage','allow_exts','doc,gif,ico,jpg,mp3,mp4,p12,pem,png,zip,rar,xls,xlsx' UNION ALL SELECT 'storage','type','local' UNION ALL SELECT 'wechat','type','api' [ RunTime:0.064270s ]
[2024-10-15 15:10:46][sql] CONNECT:[ UseTime:0.000116s ] sqlite:D:\phpstudy_pro\WWW\ftpuser\thinkadmin\database\sqlite.db
[2024-10-15 15:10:46][sql] PRAGMA table_info( 'system_menu' ) [ RunTime:0.000602s ]
[2024-10-15 15:10:46][sql] SELECT * FROM `system_menu` WHERE  ( `url` = 'wechat/config/options' OR `node` = 'wechat/config/options' ) LIMIT 1 [ RunTime:0.000090s ]
[2024-10-15 15:10:46][sql] INSERT INTO `system_menu` (`pid` , `url` , `sort` , `icon` , `node` , `title` , `params` , `target`) VALUES (0 , '#' , 200 , '' , '' , '微信管理' , '' , '_self') [ RunTime:0.093819s ]
[2024-10-15 15:10:46][sql] INSERT INTO `system_menu` (`pid` , `url` , `sort` , `icon` , `node` , `title` , `params` , `target`) VALUES (12 , '#' , 0 , '' , '' , '微信管理' , '' , '_self') [ RunTime:0.070557s ]
[2024-10-15 15:10:46][sql] INSERT INTO `system_menu` (`pid` , `url` , `sort` , `icon` , `node` , `title` , `params` , `target`) VALUES (13 , 'wechat/config/options' , 0 , 'layui-icon layui-icon-set' , 'wechat/config/options' , '微信接口配置' , '' , '_self') [ RunTime:0.111862s ]
[2024-10-15 15:10:46][sql] INSERT INTO `system_menu` (`pid` , `url` , `sort` , `icon` , `node` , `title` , `params` , `target`) VALUES (13 , 'wechat/config/payment' , 0 , 'layui-icon layui-icon-rmb' , 'wechat/config/payment' , '微信支付配置' , '' , '_self') [ RunTime:0.096402s ]
[2024-10-15 15:10:46][sql] INSERT INTO `system_menu` (`pid` , `url` , `sort` , `icon` , `node` , `title` , `params` , `target`) VALUES (12 , '#' , 0 , '' , '' , '微信定制' , '' , '_self') [ RunTime:0.124472s ]
[2024-10-15 15:10:47][sql] INSERT INTO `system_menu` (`pid` , `url` , `sort` , `icon` , `node` , `title` , `params` , `target`) VALUES (16 , 'wechat/fans/index' , 0 , 'layui-icon layui-icon-username' , 'wechat/fans/index' , '微信粉丝管理' , '' , '_self') [ RunTime:0.125660s ]
[2024-10-15 15:10:47][sql] INSERT INTO `system_menu` (`pid` , `url` , `sort` , `icon` , `node` , `title` , `params` , `target`) VALUES (16 , 'wechat/news/index' , 0 , 'layui-icon layui-icon-template-1' , 'wechat/news/index' , '微信图文管理' , '' , '_self') [ RunTime:0.131852s ]
[2024-10-15 15:10:47][sql] INSERT INTO `system_menu` (`pid` , `url` , `sort` , `icon` , `node` , `title` , `params` , `target`) VALUES (16 , 'wechat/menu/index' , 0 , 'layui-icon layui-icon-cellphone' , 'wechat/menu/index' , '微信菜单配置' , '' , '_self') [ RunTime:0.115542s ]
[2024-10-15 15:10:47][sql] INSERT INTO `system_menu` (`pid` , `url` , `sort` , `icon` , `node` , `title` , `params` , `target`) VALUES (16 , 'wechat/keys/index' , 0 , 'layui-icon layui-icon-engine' , 'wechat/keys/index' , '回复规则管理' , '' , '_self') [ RunTime:0.074212s ]
[2024-10-15 15:10:47][sql] INSERT INTO `system_menu` (`pid` , `url` , `sort` , `icon` , `node` , `title` , `params` , `target`) VALUES (16 , 'wechat/auto/index' , 0 , 'layui-icon layui-icon-release' , 'wechat/auto/index' , '关注自动回复' , '' , '_self') [ RunTime:0.074528s ]
[2024-10-15 15:10:47][sql] INSERT INTO `system_menu` (`pid` , `url` , `sort` , `icon` , `node` , `title` , `params` , `target`) VALUES (12 , '#' , 0 , '' , '' , '微信支付' , '' , '_self') [ RunTime:0.065588s ]
[2024-10-15 15:10:47][sql] INSERT INTO `system_menu` (`pid` , `url` , `sort` , `icon` , `node` , `title` , `params` , `target`) VALUES (22 , 'wechat/payment.record/index' , 0 , 'layui-icon layui-icon-rmb' , 'wechat/payment.record/index' , '微信支付行为' , '' , '_self') [ RunTime:0.082811s ]
[2024-10-15 15:10:47][sql] INSERT INTO `system_menu` (`pid` , `url` , `sort` , `icon` , `node` , `title` , `params` , `target`) VALUES (22 , 'wechat/payment.refund/index' , 0 , 'layui-icon layui-icon-engine' , 'wechat/payment.refund/index' , '微信退款管理' , '' , '_self') [ RunTime:0.065698s ]
[2024-10-15 15:18:41][sql] CONNECT:[ UseTime:0.000741s ] mysql:host=127.0.0.1;port=3306;dbname=thinkadmin;charset=utf8mb4
[2024-10-15 15:19:06][sql] CONNECT:[ UseTime:0.001030s ] mysql:host=127.0.0.1;port=3306;dbname=thinkadmin;charset=utf8mb4
[2024-10-15 15:19:43][sql] CONNECT:[ UseTime:0.022652s ] mysql:host=127.0.0.1;port=3306;dbname=thinkadmin;charset=utf8mb4
[2024-10-15 15:19:43][sql] SHOW FULL COLUMNS FROM `system_user` [ RunTime:0.001276s ]
[2024-10-15 15:19:43][sql] SELECT * FROM `system_user` WHERE  ( 1=1 ) LIMIT 1 [ RunTime:0.000307s ]
[2024-10-15 15:19:43][sql] INSERT INTO `system_user` SET `id` = 10000 , `username` = 'admin' , `nickname` = '超级管理员' , `password` = '21232f297a57a5a743894a0e4a801fc3' , `headimg` = 'https://thinkadmin.top/static/img/head.png' , `create_at` = '2024-10-15 15:19:43.805425' [ RunTime:0.000296s ]
[2024-10-15 15:19:43][sql] SHOW FULL COLUMNS FROM `system_menu` [ RunTime:0.001302s ]
[2024-10-15 15:19:43][sql] SELECT * FROM `system_menu` WHERE  ( `url` = 'admin/config/index' OR `node` = 'admin/config/index' ) LIMIT 1 [ RunTime:0.000331s ]
[2024-10-15 15:19:43][sql] INSERT INTO `system_menu` SET `pid` = 0 , `url` = '#' , `sort` = 100 , `icon` = '' , `node` = '' , `title` = '系统管理' , `params` = '' , `target` = '_self' [ RunTime:0.045077s ]
[2024-10-15 15:19:43][sql] INSERT INTO `system_menu` SET `pid` = 1 , `url` = '#' , `sort` = 0 , `icon` = '' , `node` = '' , `title` = '系统配置' , `params` = '' , `target` = '_self' [ RunTime:0.069476s ]
[2024-10-15 15:19:44][sql] INSERT INTO `system_menu` SET `pid` = 2 , `url` = 'admin/config/index' , `sort` = 0 , `icon` = 'layui-icon layui-icon-set' , `node` = 'admin/config/index' , `title` = '系统参数配置' , `params` = '' , `target` = '_self' [ RunTime:0.130184s ]
[2024-10-15 15:19:44][sql] INSERT INTO `system_menu` SET `pid` = 2 , `url` = 'admin/queue/index' , `sort` = 0 , `icon` = 'layui-icon layui-icon-log' , `node` = 'admin/queue/index' , `title` = '系统任务管理' , `params` = '' , `target` = '_self' [ RunTime:0.053750s ]
[2024-10-15 15:19:44][sql] INSERT INTO `system_menu` SET `pid` = 2 , `url` = 'admin/oplog/index' , `sort` = 0 , `icon` = 'layui-icon layui-icon-form' , `node` = 'admin/oplog/index' , `title` = '系统日志管理' , `params` = '' , `target` = '_self' [ RunTime:0.069488s ]
[2024-10-15 15:19:44][sql] INSERT INTO `system_menu` SET `pid` = 2 , `url` = 'admin/base/index' , `sort` = 0 , `icon` = 'layui-icon layui-icon-code-circle' , `node` = 'admin/base/index' , `title` = '数据字典管理' , `params` = '' , `target` = '_self' [ RunTime:0.049060s ]
[2024-10-15 15:19:44][sql] INSERT INTO `system_menu` SET `pid` = 2 , `url` = 'admin/file/index' , `sort` = 0 , `icon` = 'layui-icon layui-icon-carousel' , `node` = 'admin/file/index' , `title` = '系统文件管理' , `params` = '' , `target` = '_self' [ RunTime:0.049368s ]
[2024-10-15 15:19:44][sql] INSERT INTO `system_menu` SET `pid` = 2 , `url` = 'admin/menu/index' , `sort` = 0 , `icon` = 'layui-icon layui-icon-layouts' , `node` = 'admin/menu/index' , `title` = '系统菜单管理' , `params` = '' , `target` = '_self' [ RunTime:0.073979s ]
[2024-10-15 15:19:44][sql] INSERT INTO `system_menu` SET `pid` = 1 , `url` = '#' , `sort` = 0 , `icon` = '' , `node` = '' , `title` = '权限管理' , `params` = '' , `target` = '_self' [ RunTime:0.057668s ]
[2024-10-15 15:19:44][sql] INSERT INTO `system_menu` SET `pid` = 9 , `url` = 'admin/auth/index' , `sort` = 0 , `icon` = 'layui-icon layui-icon-vercode' , `node` = 'admin/auth/index' , `title` = '系统权限管理' , `params` = '' , `target` = '_self' [ RunTime:0.049103s ]
[2024-10-15 15:19:44][sql] INSERT INTO `system_menu` SET `pid` = 9 , `url` = 'admin/user/index' , `sort` = 0 , `icon` = 'layui-icon layui-icon-username' , `node` = 'admin/user/index' , `title` = '系统用户管理' , `params` = '' , `target` = '_self' [ RunTime:0.041157s ]
[2024-10-15 15:19:44][sql] SHOW FULL COLUMNS FROM `system_config` [ RunTime:0.001323s ]
[2024-10-15 15:19:44][sql] SELECT * FROM `system_config` WHERE  ( 1=1 ) LIMIT 1 [ RunTime:0.000197s ]
[2024-10-15 15:19:44][sql] INSERT INTO `system_config` (`type` , `name` , `value`) VALUES ( 'base','app_name','ThinkAdmin' ) , ( 'base','app_version','v6' ) , ( 'base','editor','ckeditor5' ) , ( 'base','login_name','系统管理' ) , ( 'base','site_copy','©版权所有 2014-2024 ThinkAdmin' ) , ( 'base','site_icon','https://thinkadmin.top/static/img/logo.png' ) , ( 'base','site_name','ThinkAdmin' ) , ( 'base','site_theme','default' ) , ( 'storage','allow_exts','doc,gif,ico,jpg,mp3,mp4,p12,pem,png,zip,rar,xls,xlsx' ) , ( 'storage','type','local' ) , ( 'wechat','type','api' ) [ RunTime:0.051825s ]
[2024-10-15 15:19:48][sql] SELECT * FROM `system_menu` WHERE  ( `url` = 'wechat/config/options' OR `node` = 'wechat/config/options' ) LIMIT 1 [ RunTime:0.000324s ]
[2024-10-15 15:19:48][sql] INSERT INTO `system_menu` SET `pid` = 0 , `url` = '#' , `sort` = 200 , `icon` = '' , `node` = '' , `title` = '微信管理' , `params` = '' , `target` = '_self' [ RunTime:0.047394s ]
[2024-10-15 15:19:48][sql] INSERT INTO `system_menu` SET `pid` = 12 , `url` = '#' , `sort` = 0 , `icon` = '' , `node` = '' , `title` = '微信管理' , `params` = '' , `target` = '_self' [ RunTime:0.057819s ]
[2024-10-15 15:19:48][sql] INSERT INTO `system_menu` SET `pid` = 13 , `url` = 'wechat/config/options' , `sort` = 0 , `icon` = 'layui-icon layui-icon-set' , `node` = 'wechat/config/options' , `title` = '微信接口配置' , `params` = '' , `target` = '_self' [ RunTime:0.049159s ]
[2024-10-15 15:19:48][sql] INSERT INTO `system_menu` SET `pid` = 13 , `url` = 'wechat/config/payment' , `sort` = 0 , `icon` = 'layui-icon layui-icon-rmb' , `node` = 'wechat/config/payment' , `title` = '微信支付配置' , `params` = '' , `target` = '_self' [ RunTime:0.046633s ]
[2024-10-15 15:19:48][sql] INSERT INTO `system_menu` SET `pid` = 12 , `url` = '#' , `sort` = 0 , `icon` = '' , `node` = '' , `title` = '微信定制' , `params` = '' , `target` = '_self' [ RunTime:0.049314s ]
[2024-10-15 15:19:48][sql] INSERT INTO `system_menu` SET `pid` = 16 , `url` = 'wechat/fans/index' , `sort` = 0 , `icon` = 'layui-icon layui-icon-username' , `node` = 'wechat/fans/index' , `title` = '微信粉丝管理' , `params` = '' , `target` = '_self' [ RunTime:0.046669s ]
[2024-10-15 15:19:48][sql] INSERT INTO `system_menu` SET `pid` = 16 , `url` = 'wechat/news/index' , `sort` = 0 , `icon` = 'layui-icon layui-icon-template-1' , `node` = 'wechat/news/index' , `title` = '微信图文管理' , `params` = '' , `target` = '_self' [ RunTime:0.090868s ]
[2024-10-15 15:19:48][sql] INSERT INTO `system_menu` SET `pid` = 16 , `url` = 'wechat/menu/index' , `sort` = 0 , `icon` = 'layui-icon layui-icon-cellphone' , `node` = 'wechat/menu/index' , `title` = '微信菜单配置' , `params` = '' , `target` = '_self' [ RunTime:0.049025s ]
[2024-10-15 15:19:48][sql] INSERT INTO `system_menu` SET `pid` = 16 , `url` = 'wechat/keys/index' , `sort` = 0 , `icon` = 'layui-icon layui-icon-engine' , `node` = 'wechat/keys/index' , `title` = '回复规则管理' , `params` = '' , `target` = '_self' [ RunTime:0.041005s ]
[2024-10-15 15:19:48][sql] INSERT INTO `system_menu` SET `pid` = 16 , `url` = 'wechat/auto/index' , `sort` = 0 , `icon` = 'layui-icon layui-icon-release' , `node` = 'wechat/auto/index' , `title` = '关注自动回复' , `params` = '' , `target` = '_self' [ RunTime:0.049154s ]
[2024-10-15 15:19:48][sql] INSERT INTO `system_menu` SET `pid` = 12 , `url` = '#' , `sort` = 0 , `icon` = '' , `node` = '' , `title` = '微信支付' , `params` = '' , `target` = '_self' [ RunTime:0.049236s ]
[2024-10-15 15:19:49][sql] INSERT INTO `system_menu` SET `pid` = 22 , `url` = 'wechat/payment.record/index' , `sort` = 0 , `icon` = 'layui-icon layui-icon-rmb' , `node` = 'wechat/payment.record/index' , `title` = '微信支付行为' , `params` = '' , `target` = '_self' [ RunTime:0.090936s ]
[2024-10-15 15:19:49][sql] INSERT INTO `system_menu` SET `pid` = 22 , `url` = 'wechat/payment.refund/index' , `sort` = 0 , `icon` = 'layui-icon layui-icon-engine' , `node` = 'wechat/payment.refund/index' , `title` = '微信退款管理' , `params` = '' , `target` = '_self' [ RunTime:0.049278s ]
[2024-10-15 15:19:58][sql] CONNECT:[ UseTime:0.000751s ] mysql:host=127.0.0.1;port=3306;dbname=thinkadmin;charset=utf8mb4
[2024-10-15 15:19:58][sql] SHOW FULL COLUMNS FROM `system_menu` [ RunTime:0.001051s ]
[2024-10-15 15:19:58][sql] SELECT * FROM `system_menu` WHERE  `status` = 1 ORDER BY `sort` DESC,`id` ASC [ RunTime:0.000395s ]
[2024-10-15 15:19:59][sql] CONNECT:[ UseTime:0.000724s ] mysql:host=127.0.0.1;port=3306;dbname=thinkadmin;charset=utf8mb4
[2024-10-15 15:19:59][sql] SHOW FULL COLUMNS FROM `system_config` [ RunTime:0.001110s ]
[2024-10-15 15:19:59][sql] SELECT * FROM `system_config` [ RunTime:0.000277s ]
[2024-10-15 15:19:59][sql] SELECT * FROM `system_config` WHERE  `type` = 'base'  AND `name` = 'site_host' LIMIT 1 [ RunTime:0.000400s ]
[2024-10-15 15:19:59][sql] INSERT INTO `system_config` SET `type` = 'base' , `name` = 'site_host' , `value` = 'http://127.0.0.1:8000' [ RunTime:0.000285s ]
[2024-10-15 15:19:59][sql] SELECT * FROM `system_config` [ RunTime:0.000345s ]
[2024-10-15 15:19:59][sql] CONNECT:[ UseTime:0.000461s ] mysql:host=127.0.0.1;port=3306;dbname=thinkadmin;charset=utf8mb4
[2024-10-15 15:19:59][sql] SHOW FULL COLUMNS FROM `system_config` [ RunTime:0.001078s ]
[2024-10-15 15:19:59][sql] CONNECT:[ UseTime:0.020193s ] mysql:host=127.0.0.1;port=3306;dbname=thinkadmin;charset=utf8mb4
[2024-10-15 15:19:59][sql] SHOW FULL COLUMNS FROM `system_config` [ RunTime:0.001116s ]
[2024-10-15 15:20:00][sql] CONNECT:[ UseTime:0.011911s ] mysql:host=127.0.0.1;port=3306;dbname=thinkadmin;charset=utf8mb4
[2024-10-15 15:20:00][sql] SHOW FULL COLUMNS FROM `system_config` [ RunTime:0.001139s ]
[2024-10-15 15:20:00][sql] CONNECT:[ UseTime:0.000490s ] mysql:host=127.0.0.1;port=3306;dbname=thinkadmin;charset=utf8mb4
[2024-10-15 15:20:00][sql] SHOW FULL COLUMNS FROM `system_config` [ RunTime:0.001178s ]
[2024-10-15 15:20:05][sql] CONNECT:[ UseTime:0.017196s ] mysql:host=127.0.0.1;port=3306;dbname=thinkadmin;charset=utf8mb4
[2024-10-15 15:20:05][sql] SHOW FULL COLUMNS FROM `system_user` [ RunTime:0.001214s ]
[2024-10-15 15:20:05][sql] SELECT * FROM `system_user` WHERE  `username` = 'admin'  AND `is_deleted` = 0 LIMIT 1 [ RunTime:0.000365s ]
[2024-10-15 15:20:05][sql] UPDATE `system_user`  SET `login_num` = `login_num` + 1 , `login_at` = '2024-10-15 15:20:05' , `login_ip` = '127.0.0.1'  WHERE  `id` = 10000 [ RunTime:0.047629s ]
[2024-10-15 15:20:05][sql] SELECT * FROM `system_user` WHERE  `id` = 10000 LIMIT 1 [ RunTime:0.000370s ]
[2024-10-15 15:20:05][sql] SHOW FULL COLUMNS FROM `system_oplog` [ RunTime:0.001031s ]
[2024-10-15 15:20:05][sql] INSERT INTO `system_oplog` SET `node` = 'admin/login/index' , `action` = '系统用户登录' , `content` = '登录系统后台成功' , `geoip` = '127.0.0.1' , `username` = 'admin' , `create_at` = '2024-10-15 15:20:05' [ RunTime:0.000270s ]
[2024-10-15 15:20:06][sql] CONNECT:[ UseTime:0.000591s ] mysql:host=127.0.0.1;port=3306;dbname=thinkadmin;charset=utf8mb4
[2024-10-15 15:20:06][sql] SHOW FULL COLUMNS FROM `system_user` [ RunTime:0.001371s ]
[2024-10-15 15:20:06][sql] SELECT * FROM `system_user` WHERE  `id` = 10000 LIMIT 1 [ RunTime:0.000271s ]
[2024-10-15 15:20:06][sql] SHOW FULL COLUMNS FROM `system_menu` [ RunTime:0.001010s ]
[2024-10-15 15:20:06][sql] SELECT * FROM `system_menu` WHERE  `status` = 1 ORDER BY `sort` DESC,`id` ASC [ RunTime:0.000259s ]
[2024-10-15 15:20:06][sql] SHOW FULL COLUMNS FROM `system_config` [ RunTime:0.001071s ]
[2024-10-15 15:20:06][sql] SHOW FULL COLUMNS FROM `system_data` [ RunTime:0.001126s ]
[2024-10-15 15:20:06][sql] SELECT `value` FROM `system_data` WHERE  `name` = 'UserData_10000' LIMIT 1 [ RunTime:0.000371s ]
[2024-10-15 15:20:06][sql] CONNECT:[ UseTime:0.011260s ] mysql:host=127.0.0.1;port=3306;dbname=thinkadmin;charset=utf8mb4
[2024-10-15 15:20:06][sql] SHOW FULL COLUMNS FROM `system_config` [ RunTime:0.001093s ]
[2024-10-15 15:20:07][sql] CONNECT:[ UseTime:0.000617s ] mysql:host=127.0.0.1;port=3306;dbname=thinkadmin;charset=utf8mb4
[2024-10-15 15:20:07][sql] SHOW FULL COLUMNS FROM `system_config` [ RunTime:0.000992s ]
[2024-10-15 15:20:07][sql] CONNECT:[ UseTime:0.016069s ] mysql:host=127.0.0.1;port=3306;dbname=thinkadmin;charset=utf8mb4
[2024-10-15 15:20:07][sql] SHOW FULL COLUMNS FROM `system_config` [ RunTime:0.001051s ]
[2024-10-15 15:25:26][sql] CONNECT:[ UseTime:0.000556s ] mysql:host=127.0.0.1;port=3306;dbname=thinkadmin;charset=utf8mb4
[2024-10-15 15:25:26][sql] SHOW FULL COLUMNS FROM `system_config` [ RunTime:0.001050s ]
[2024-10-15 15:25:26][sql] SELECT * FROM `system_config` WHERE  `type` = 'storage'  AND `name` = 'link_type' LIMIT 1 [ RunTime:0.000374s ]
[2024-10-15 15:25:26][sql] INSERT INTO `system_config` SET `type` = 'storage' , `name` = 'link_type' , `value` = 'none' [ RunTime:0.000233s ]
[2024-10-15 15:25:26][sql] SELECT * FROM `system_config` [ RunTime:0.000306s ]
[2024-10-15 15:25:26][sql] SELECT * FROM `system_config` WHERE  `type` = 'storage'  AND `name` = 'name_type' LIMIT 1 [ RunTime:0.000386s ]
[2024-10-15 15:25:26][sql] INSERT INTO `system_config` SET `type` = 'storage' , `name` = 'name_type' , `value` = 'xmd5' [ RunTime:0.000215s ]
[2024-10-15 15:25:26][sql] SELECT * FROM `system_config` [ RunTime:0.004496s ]
[2024-10-15 15:25:26][sql] SELECT * FROM `system_config` WHERE  `type` = 'storage'  AND `name` = 'local_http_protocol' LIMIT 1 [ RunTime:0.000399s ]
[2024-10-15 15:25:26][sql] INSERT INTO `system_config` SET `type` = 'storage' , `name` = 'local_http_protocol' , `value` = 'follow' [ RunTime:0.000264s ]
[2024-10-15 15:25:26][sql] SELECT * FROM `system_config` [ RunTime:0.000319s ]
[2024-10-15 15:25:27][sql] CONNECT:[ UseTime:0.020972s ] mysql:host=127.0.0.1;port=3306;dbname=thinkadmin;charset=utf8mb4
[2024-10-15 15:25:27][sql] SHOW FULL COLUMNS FROM `system_queue` [ RunTime:0.001068s ]
[2024-10-15 15:25:28][sql] CONNECT:[ UseTime:0.000560s ] mysql:host=127.0.0.1;port=3306;dbname=thinkadmin;charset=utf8mb4
[2024-10-15 15:25:28][sql] SHOW FULL COLUMNS FROM `system_queue` [ RunTime:0.000563s ]
[2024-10-15 15:25:28][sql] SELECT COUNT(*) AS think_count FROM `system_queue` LIMIT 1 [ RunTime:0.000186s ]
[2024-10-15 15:25:28][sql] SELECT * FROM `system_queue` ORDER BY `loops_time` DESC,`id` DESC LIMIT 0,20 [ RunTime:0.000188s ]
[2024-10-15 15:25:28][sql] SELECT status,count(1) count FROM `system_queue` GROUP BY `status` [ RunTime:0.000240s ]
[2024-10-15 15:25:28][sql] CONNECT:[ UseTime:0.000579s ] mysql:host=127.0.0.1;port=3306;dbname=thinkadmin;charset=utf8mb4
[2024-10-15 15:25:28][sql] SHOW FULL COLUMNS FROM `system_queue` [ RunTime:0.000584s ]
[2024-10-15 15:25:30][sql] CONNECT:[ UseTime:0.017224s ] mysql:host=127.0.0.1;port=3306;dbname=thinkadmin;charset=utf8mb4
[2024-10-15 15:25:30][sql] SHOW FULL COLUMNS FROM `system_oplog` [ RunTime:0.001197s ]
[2024-10-15 15:25:30][sql] SELECT `action`,`username`,`id` FROM `system_oplog` [ RunTime:0.000270s ]
[2024-10-15 15:25:30][sql] CONNECT:[ UseTime:0.024015s ] mysql:host=127.0.0.1;port=3306;dbname=thinkadmin;charset=utf8mb4
[2024-10-15 15:25:30][sql] SHOW FULL COLUMNS FROM `system_oplog` [ RunTime:0.001191s ]
[2024-10-15 15:25:30][sql] SELECT COUNT(*) AS think_count FROM `system_oplog` LIMIT 1 [ RunTime:0.000260s ]
[2024-10-15 15:25:30][sql] SELECT * FROM `system_oplog` ORDER BY `id` DESC LIMIT 0,20 [ RunTime:0.000246s ]
[2024-10-15 15:25:31][sql] CONNECT:[ UseTime:0.000600s ] mysql:host=127.0.0.1;port=3306;dbname=thinkadmin;charset=utf8mb4
[2024-10-15 15:25:31][sql] SHOW FULL COLUMNS FROM `system_queue` [ RunTime:0.001209s ]
[2024-10-15 15:25:32][sql] CONNECT:[ UseTime:0.000489s ] mysql:host=127.0.0.1;port=3306;dbname=thinkadmin;charset=utf8mb4
[2024-10-15 15:25:32][sql] SHOW FULL COLUMNS FROM `system_queue` [ RunTime:0.001170s ]
[2024-10-15 15:25:32][sql] SELECT COUNT(*) AS think_count FROM `system_queue` LIMIT 1 [ RunTime:0.000212s ]
[2024-10-15 15:25:32][sql] SELECT * FROM `system_queue` ORDER BY `loops_time` DESC,`id` DESC LIMIT 0,20 [ RunTime:0.000177s ]
[2024-10-15 15:25:32][sql] SELECT status,count(1) count FROM `system_queue` GROUP BY `status` [ RunTime:0.000338s ]
[2024-10-15 15:25:32][sql] CONNECT:[ UseTime:0.017533s ] mysql:host=127.0.0.1;port=3306;dbname=thinkadmin;charset=utf8mb4
[2024-10-15 15:25:32][sql] SHOW FULL COLUMNS FROM `system_queue` [ RunTime:0.001198s ]
[2024-10-15 15:32:40][sql] CONNECT:[ UseTime:0.000703s ] mysql:host=127.0.0.1;port=3306;dbname=thinkadmin;charset=utf8mb4
[2024-10-15 15:32:40][sql] SHOW FULL COLUMNS FROM `system_user` [ RunTime:0.001253s ]
[2024-10-15 15:32:40][sql] SELECT * FROM `system_user` WHERE  `id` = 10000 LIMIT 1 [ RunTime:0.000248s ]
[2024-10-15 15:32:40][sql] SHOW FULL COLUMNS FROM `system_menu` [ RunTime:0.000962s ]
[2024-10-15 15:32:40][sql] SELECT * FROM `system_menu` WHERE  `status` = 1 ORDER BY `sort` DESC,`id` ASC [ RunTime:0.000226s ]
[2024-10-15 15:32:40][sql] SHOW FULL COLUMNS FROM `system_config` [ RunTime:0.000673s ]
[2024-10-15 15:32:40][sql] SHOW FULL COLUMNS FROM `system_data` [ RunTime:0.001055s ]
[2024-10-15 15:32:40][sql] SELECT `value` FROM `system_data` WHERE  `name` = 'UserData_10000' LIMIT 1 [ RunTime:0.000232s ]
[2024-10-15 15:32:40][sql] CONNECT:[ UseTime:0.000541s ] mysql:host=127.0.0.1;port=3306;dbname=thinkadmin;charset=utf8mb4
[2024-10-15 15:32:40][sql] SHOW FULL COLUMNS FROM `system_config` [ RunTime:0.000571s ]
[2024-10-15 15:32:41][sql] CONNECT:[ UseTime:0.000517s ] mysql:host=127.0.0.1;port=3306;dbname=thinkadmin;charset=utf8mb4
[2024-10-15 15:32:41][sql] SHOW FULL COLUMNS FROM `system_config` [ RunTime:0.000596s ]
[2024-10-15 15:32:41][sql] CONNECT:[ UseTime:0.000625s ] mysql:host=127.0.0.1;port=3306;dbname=thinkadmin;charset=utf8mb4
[2024-10-15 15:32:41][sql] SHOW FULL COLUMNS FROM `system_queue` [ RunTime:0.001105s ]
[2024-10-15 15:32:41][sql] CONNECT:[ UseTime:0.023297s ] mysql:host=127.0.0.1;port=3306;dbname=thinkadmin;charset=utf8mb4
[2024-10-15 15:32:41][sql] SHOW FULL COLUMNS FROM `system_queue` [ RunTime:0.001096s ]
[2024-10-15 15:32:41][sql] SELECT COUNT(*) AS think_count FROM `system_queue` LIMIT 1 [ RunTime:0.000137s ]
[2024-10-15 15:32:41][sql] SELECT * FROM `system_queue` ORDER BY `loops_time` DESC,`id` DESC LIMIT 0,20 [ RunTime:0.000123s ]
[2024-10-15 15:32:41][sql] SELECT status,count(1) count FROM `system_queue` GROUP BY `status` [ RunTime:0.000215s ]
[2024-10-15 15:32:42][sql] CONNECT:[ UseTime:0.015911s ] mysql:host=127.0.0.1;port=3306;dbname=thinkadmin;charset=utf8mb4
[2024-10-15 15:32:42][sql] SHOW FULL COLUMNS FROM `system_queue` [ RunTime:0.001056s ]
